C51 COMPILER V9.59.0.0   MAIN                                                              03/13/2020 13:38:40 PAGE 1   


C51 COMPILER V9.59.0.0, COMPILATION OF MODULE MAIN
OBJECT MODULE PLACED IN .\Objects\main.obj
COMPILER INVOKED BY: h:\Keil_v5\C51\BIN\C51.EXE main.c OPTIMIZE(8,SPEED) BROWSE INCDIR(..\BSP\TSIC506;..\BSP\USART;..\BS
                    -P\BSP;..\BSP\DELAY) DEBUG OBJECTEXTEND PRINT(.\Listings\main.lst) OBJECT(.\Objects\main.obj)

line level    source

   1          #include <uart.h>
   2          #include <delay.h>
   3          #include <tsic506.h>
   4          
   5          
   6          void main()
   7          {
   8   1          uint temp_value;
   9   1          float Temp_float;
  10   1          uart_init();                                // UART模块的初始变量
  11   1          tsic506_init();
  12   1          while(1)
  13   1          {
  14   2                      if(getTSIC_Temp(&temp_value))
  15   2                      {
  16   3                              Temp_float = ((float)temp_value / 2047 * 70) - 10;
  17   3                              printf("%.2f\n\r\n",Temp_float);
  18   3                      }
  19   2          }
  20   1      }
  21          
  22          
  23          


MODULE INFORMATION:   STATIC OVERLAYABLE
   CODE SIZE        =     83    ----
   CONSTANT SIZE    =      8    ----
   XDATA SIZE       =   ----    ----
   PDATA SIZE       =   ----    ----
   DATA SIZE        =   ----       6
   IDATA SIZE       =   ----    ----
   BIT SIZE         =   ----    ----
END OF MODULE INFORMATION.


C51 COMPILATION COMPLETE.  0 WARNING(S),  0 ERROR(S)
